<?xml version="1.0" encoding="UTF-8"?>
<coverage generated="1728842025095" clover="3.2.0">
  <project timestamp="1728842025095" name="All files">
    <metrics statements="15" coveredstatements="4" conditionals="0" coveredconditionals="0" methods="10" coveredmethods="4" elements="25" coveredelements="8" complexity="0" loc="15" ncloc="15" packages="1" files="3" classes="3"/>
    <file name="GameSavingLoader.js" path="C:\Users\79095\OneDrive\Рабочий стол\homeworks\ajs-homeworks\Promises-async-await1\src\GameSavingLoader.js">
      <metrics statements="4" coveredstatements="4" conditionals="0" coveredconditionals="0" methods="4" coveredmethods="4"/>
      <line num="6" count="3" type="stmt"/>
      <line num="8" count="2" type="stmt"/>
      <line num="11" count="1" type="stmt"/>
      <line num="14" count="2" type="stmt"/>
    </file>
    <file name="parser.js" path="C:\Users\79095\OneDrive\Рабочий стол\homeworks\ajs-homeworks\Promises-async-await1\src\parser.js">
      <metrics statements="3" coveredstatements="0" conditionals="0" coveredconditionals="0" methods="3" coveredmethods="0"/>
      <line num="2" count="0" type="stmt"/>
      <line num="3" count="0" type="stmt"/>
      <line num="4" count="0" type="stmt"/>
    </file>
    <file name="reader.js" path="C:\Users\79095\OneDrive\Рабочий стол\homeworks\ajs-homeworks\Promises-async-await1\src\reader.js">
      <metrics statements="8" coveredstatements="0" conditionals="0" coveredconditionals="0" methods="3" coveredmethods="0"/>
      <line num="2" count="0" type="stmt"/>
      <line num="3" count="0" type="stmt"/>
      <line num="4" count="0" type="stmt"/>
      <line num="5" count="0" type="stmt"/>
      <line num="6" count="0" type="stmt"/>
      <line num="7" count="0" type="stmt"/>
      <line num="8" count="0" type="stmt"/>
      <line num="10" count="0" type="stmt"/>
    </file>
  </project>
</coverage>
