{"C:\\Users\\79095\\OneDrive\\Рабочий стол\\homeworks\\ajs-homeworks\\Promises-async-await1\\src\\GameSavingLoader.js": {"path":"C:\\Users\\79095\\OneDrive\\Рабочий стол\\homeworks\\ajs-homeworks\\Promises-async-await1\\src\\GameSavingLoader.js","statementMap":{"0":{"start":{"line":6,"column":4},"end":{"line":15,"column":9}},"1":{"start":{"line":8,"column":8},"end":{"line":8,"column":26}},"2":{"start":{"line":11,"column":8},"end":{"line":11,"column":36}},"3":{"start":{"line":14,"column":8},"end":{"line":14,"column":58}}},"fnMap":{"0":{"name":"(anonymous_0)","decl":{"start":{"line":5,"column":2},"end":{"line":5,"column":3}},"loc":{"start":{"line":5,"column":16},"end":{"line":16,"column":3}},"line":5},"1":{"name":"(anonymous_1)","decl":{"start":{"line":7,"column":12},"end":{"line":7,"column":13}},"loc":{"start":{"line":7,"column":22},"end":{"line":9,"column":7}},"line":7},"2":{"name":"(anonymous_2)","decl":{"start":{"line":10,"column":12},"end":{"line":10,"column":13}},"loc":{"start":{"line":10,"column":26},"end":{"line":12,"column":7}},"line":10},"3":{"name":"(anonymous_3)","decl":{"start":{"line":13,"column":13},"end":{"line":13,"column":14}},"loc":{"start":{"line":13,"column":24},"end":{"line":15,"column":7}},"line":13}},"branchMap":{},"s":{"0":3,"1":2,"2":1,"3":2},"f":{"0":3,"1":2,"2":1,"3":2},"b":{},"_coverageSchema":"1a1c01bbd47fc00a2c39e90264f33305004495a9","hash":"98116b8452fcef771a3be1b83a714179ef2ff273"}
,"C:\\Users\\79095\\OneDrive\\Рабочий стол\\homeworks\\ajs-homeworks\\Promises-async-await1\\src\\parser.js": {"path":"C:\\Users\\79095\\OneDrive\\Рабочий стол\\homeworks\\ajs-homeworks\\Promises-async-await1\\src\\parser.js","statementMap":{"0":{"start":{"line":2,"column":4},"end":{"line":6,"column":7}},"1":{"start":{"line":3,"column":6},"end":{"line":5,"column":14}},"2":{"start":{"line":4,"column":8},"end":{"line":4,"column":72}}},"fnMap":{"0":{"name":"json","decl":{"start":{"line":1,"column":24},"end":{"line":1,"column":28}},"loc":{"start":{"line":1,"column":35},"end":{"line":7,"column":3}},"line":1},"1":{"name":"(anonymous_1)","decl":{"start":{"line":2,"column":23},"end":{"line":2,"column":24}},"loc":{"start":{"line":2,"column":36},"end":{"line":6,"column":5}},"line":2},"2":{"name":"(anonymous_2)","decl":{"start":{"line":3,"column":17},"end":{"line":3,"column":18}},"loc":{"start":{"line":3,"column":23},"end":{"line":5,"column":7}},"line":3}},"branchMap":{},"s":{"0":0,"1":0,"2":0},"f":{"0":0,"1":0,"2":0},"b":{},"_coverageSchema":"1a1c01bbd47fc00a2c39e90264f33305004495a9","hash":"38479921e2e0623dd44e917efacf07bd1a2aff16"}
,"C:\\Users\\79095\\OneDrive\\Рабочий стол\\homeworks\\ajs-homeworks\\Promises-async-await1\\src\\reader.js": {"path":"C:\\Users\\79095\\OneDrive\\Рабочий стол\\homeworks\\ajs-homeworks\\Promises-async-await1\\src\\reader.js","statementMap":{"0":{"start":{"line":2,"column":4},"end":{"line":12,"column":7}},"1":{"start":{"line":3,"column":6},"end":{"line":11,"column":15}},"2":{"start":{"line":4,"column":21},"end":{"line":4,"column":113}},"3":{"start":{"line":5,"column":23},"end":{"line":5,"column":55}},"4":{"start":{"line":6,"column":27},"end":{"line":6,"column":50}},"5":{"start":{"line":7,"column":8},"end":{"line":9,"column":9}},"6":{"start":{"line":7,"column":21},"end":{"line":7,"column":22}},"7":{"start":{"line":8,"column":10},"end":{"line":8,"column":45}},"8":{"start":{"line":10,"column":8},"end":{"line":10,"column":24}}},"fnMap":{"0":{"name":"read","decl":{"start":{"line":1,"column":24},"end":{"line":1,"column":28}},"loc":{"start":{"line":1,"column":31},"end":{"line":13,"column":3}},"line":1},"1":{"name":"(anonymous_1)","decl":{"start":{"line":2,"column":23},"end":{"line":2,"column":24}},"loc":{"start":{"line":2,"column":36},"end":{"line":12,"column":5}},"line":2},"2":{"name":"(anonymous_2)","decl":{"start":{"line":3,"column":17},"end":{"line":3,"column":18}},"loc":{"start":{"line":3,"column":23},"end":{"line":11,"column":7}},"line":3}},"branchMap":{},"s":{"0":0,"1":0,"2":0,"3":0,"4":0,"5":0,"6":0,"7":0,"8":0},"f":{"0":0,"1":0,"2":0},"b":{},"_coverageSchema":"1a1c01bbd47fc00a2c39e90264f33305004495a9","hash":"4074c3d7db0b3947e931ea029f90f53e41195542"}
}
